<?xml version="1.0" encoding="UTF-8"?>
<suppressions xmlns="https://jeremylong.github.io/DependencyCheck/dependency-suppression.1.3.xsd">
    <suppress until="2024-09-01Z">
        <notes><![CDATA[
            False-positive related to Drupal rather than Android development.
            https://nvd.nist.gov/vuln/detail/CVE-2014-9152
        ]]></notes>
        <packageUrl regex="true">^pkg:maven/androidx\.test\.services/storage@.*$</packageUrl>
        <cve>CVE-2014-9152</cve>
    </suppress>
</suppressions>
